<?xml version="1.0" encoding="UTF-8"?>
<!-- Generated by org.testng.reporters.JUnitReportReporter -->
<testsuite hostname="DESKTOP-S2JVOCE" name="runner.TestRunner" tests="1" failures="0" timestamp="18 Mar 2020 11:03:50 GMT" time="28.211" errors="0">
  <testcase name="feature" time="28.211" classname="runner.TestRunner"/>
</testsuite> <!-- runner.TestRunner -->
