<?xml version="1.0" encoding="UTF-8"?>
<!-- Generated by org.testng.reporters.JUnitReportReporter -->
<testsuite hostname="bure-Vostro-3546" failures="0" tests="1" name="runner.TestRunner" time="14.955" errors="0" timestamp="2022-02-18T19:08:07 IST" skipped="0">
  <testcase classname="runner.TestRunner" name="feature" time="14.955"/>
  <system-out/>
</testsuite> <!-- runner.TestRunner -->
